<?xml version="1.0" encoding="UTF-8"?><testsuite errors="0" failures="1" name="Validar la creación de una cuenta de usuario en la pagina Booking.com" skipped="0" tests="1" time="20.45" timestamp="2022-08-18 06:06:25"><testcase name="Cenario"><failure message="creacionFallida should have a constructor with the signature MyException(String message) and MyException(String message, Throwable cause)" type="java.lang.AssertionError">creacionFallida should have a constructor with the signature MyException(String message) and MyException(String message, Throwable cause)</failure><system-err>creacionFallida should have a constructor with the signature MyException(String message) and MyException(String message, Throwable cause)&#13;
co.com.certification.proyectoprueba.stepdefinitions.CrearCuentaStepDefinitions.deberiaVerElMensajeDeConfirmacionEnElInicioDeLaPagina(CrearCuentaStepDefinitions.java:40)&#13;
✽.deberia ver el mensaje de confirmacion en el inicio de la pagina(src/test/resources/features/registrar.feature:10)&#13;
</system-err></testcase></testsuite>