<?xml version="1.0" encoding="UTF-8"?><testsuite errors="0" failures="1" name="Validar autenticacion en la pagina Booking.com" skipped="0" tests="1" time="27.21" timestamp="2022-08-18 08:00:14"><testcase name="Login exitoso desde el menu de la pagina de inicio"><failure message="creacionFallida should have a constructor with the signature MyException(String message) and MyException(String message, Throwable cause)" type="java.lang.AssertionError">creacionFallida should have a constructor with the signature MyException(String message) and MyException(String message, Throwable cause)</failure><system-err>creacionFallida should have a constructor with the signature MyException(String message) and MyException(String message, Throwable cause)&#13;
co.com.certification.proyectoprueba.stepdefinitions.AutenticacionStepDefinition.LaAutenticacionDeberiaSerExitosa(AutenticacionStepDefinition.java:23)&#13;
✽.la autenticacion deberia ser exitosa(src/test/resources/features/autenticacion.feature:13)&#13;
</system-err></testcase></testsuite>